Using pre-set license

 COMMAND LINE ARGUMENTS:
/Users/hamiltongilbert/Documents/Unity/2020.3.13f1/Unity.app/Contents/MacOS/Unity
-adb2
-batchMode
-noUpm
-name
AssetImportWorker0
-projectPath
/Users/hamiltongilbert/Documents/GitHub/PokemonGame/Pokemon Game
-logFile
Logs/AssetImportWorker0.log
-srvPort
56043
Successfully changed project path to: /Users/hamiltongilbert/Documents/GitHub/PokemonGame/Pokemon Game
/Users/hamiltongilbert/Documents/GitHub/PokemonGame/Pokemon Game
Using Asset Import Pipeline V2.
Refreshing native plugins compatible for Editor in 80.90 ms, found 3 plugins.
Preloading 0 native plugins for Editor in 0.00 ms.
Initialize engine version: 2020.3.13f1 (71691879b7f5)
[Subsystems] Discovering subsystems at path /Users/hamiltongilbert/Documents/Unity/2020.3.13f1/Unity.app/Contents/Resources/UnitySubsystems
[Subsystems] Discovering subsystems at path /Users/hamiltongilbert/Documents/GitHub/PokemonGame/Pokemon Game/Assets
GfxDevice: creating device client; threaded=0
2021-09-10 12:43:01.131 Unity[6017:316593] Color LCD preferred device: Intel(R) Iris(TM) Plus Graphics (low power)
2021-09-10 12:43:01.131 Unity[6017:316593] Metal devices available: 1
2021-09-10 12:43:01.132 Unity[6017:316593] 0: Intel(R) Iris(TM) Plus Graphics (low power)
2021-09-10 12:43:01.132 Unity[6017:316593] Using device Intel(R) Iris(TM) Plus Graphics (low power)
Initializing Metal device caps: Intel(R) Iris(TM) Plus Graphics
Initialize mono
Mono path[0] = '/Users/hamiltongilbert/Documents/Unity/2020.3.13f1/Unity.app/Contents/Managed'
Mono path[1] = '/Users/hamiltongilbert/Documents/Unity/2020.3.13f1/Unity.app/Contents/MonoBleedingEdge/lib/mono/unityjit'
Mono config path = '/Users/hamiltongilbert/Documents/Unity/2020.3.13f1/Unity.app/Contents/MonoBleedingEdge/etc'
Using monoOptions --debugger-agent=transport=dt_socket,embedding=1,server=y,suspend=n,address=127.0.0.1:56017
Begin MonoManager ReloadAssembly
Registering precompiled unity dll's ...
Register platform support module: /Users/hamiltongilbert/Documents/Unity/2020.3.13f1/PlaybackEngines/WebGLSupport/UnityEditor.WebGL.Extensions.dll
Register platform support module: /Users/hamiltongilbert/Documents/Unity/2020.3.13f1/Unity.app/Contents/PlaybackEngines/MacStandaloneSupport/UnityEditor.OSXStandalone.Extensions.dll
Register platform support module: /Users/hamiltongilbert/Documents/Unity/2020.3.13f1/PlaybackEngines/WindowsStandaloneSupport/UnityEditor.WindowsStandalone.Extensions.dll
Registered in 0.001391 seconds.
Native extension for WindowsStandalone target not found
Native extension for OSXStandalone target not found
Native extension for WebGL target not found
Refreshing native plugins compatible for Editor in 90.14 ms, found 3 plugins.
Preloading 0 native plugins for Editor in 0.00 ms.
Mono: successfully reloaded assembly
- Completed reload, in  4.021 seconds
Platform modules already initialized, skipping
Registering precompiled user dll's ...
Registered in 0.002800 seconds.
Begin MonoManager ReloadAssembly
Native extension for WindowsStandalone target not found
Native extension for OSXStandalone target not found
Native extension for WebGL target not found
Refreshing native plugins compatible for Editor in 49.95 ms, found 3 plugins.
Preloading 0 native plugins for Editor in 0.00 ms.
Mono: successfully reloaded assembly
- Completed reload, in  1.882 seconds
Platform modules already initialized, skipping
========================================================================
Worker process is ready to serve import requests
Launching external process: /Users/hamiltongilbert/Documents/Unity/2020.3.13f1/Unity.app/Contents/Tools/UnityShaderCompiler
Launched and connected shader compiler UnityShaderCompiler after 0.02 seconds
Refreshing native plugins compatible for Editor in 0.53 ms, found 3 plugins.
Preloading 0 native plugins for Editor in 0.00 ms.
Unloading 2085 Unused Serialized files (Serialized files now loaded: 0)
System memory in use before: 173.4 MB.
System memory in use after: 173.3 MB.

Unloading 33 unused Assets to reduce memory usage. Loaded Objects now: 2517.
Total: 3.945137 ms (FindLiveObjects: 0.255565 ms CreateObjectMapping: 0.083795 ms MarkObjects: 3.395193 ms  DeleteObjects: 0.209054 ms)

AssetImportParameters requested are different than current active one (requested -> active):
  custom:video-decoder-ogg-theora: a1e56fd34408186e4bbccfd4996cb3dc -> 
  custom:container-muxer-webm: aa71ff27fc2769a1b78a27578f13a17b -> 
  custom:container-demuxer-webm: 4f35f7cbe854078d1ac9338744f61a02 -> 
  custom:container-demuxer-ogg: 62fdf1f143b41e24485cea50d1cbac27 -> 
  custom:video-encoder-webm-vp8: eb34c28f22e8b96e1ab97ce403110664 -> 
  custom:framework-osx-AVFoundation: e770b220cccbd017edd2c1fefb359320 -> 
  custom:video-decoder-webm-vp8: 9c59270c3fd7afecdb556c50c9e8de78 -> 
  custom:audio-decoder-ogg-vorbis: bf7c407c2cedff20999df2af8eb42d56 -> 
  custom:audio-encoder-webm-vorbis: bf7c407c2cedff20999df2af8eb42d56 -> 
========================================================================
Received Import Request.
  path: Assets/PokemonSheet.png
  artifactKey: Guid(772c2dfb0a6c34a2287b9dda8d967385) Importer(815301076,1909f56bfc062723c751e8b465ee728b)
Start importing Assets/PokemonSheet.png using Guid(772c2dfb0a6c34a2287b9dda8d967385) Importer(815301076,1909f56bfc062723c751e8b465ee728b)  -> (artifact id: '0140e14fb7f4bd0a022c629a1ecaa967') in 1.555101 seconds 
  Import took 1.561279 seconds .

